<?xml version="1.0" encoding="UTF-8"?>
<!-- Generated by org.testng.reporters.JUnitReportReporter -->
<testsuite skipped="0" hostname="DESKTOP-HFP8OSQ" name="Tests.CustomizedStatement004" tests="2" failures="0" timestamp="2020-10-28T00:01:07 BDT" time="11.969" errors="0">
  <testcase name="CStatement004" time="0.602" classname="Tests.CustomizedStatement004"/>
  <system-out/>
  <testcase name="login" time="11.367" classname="Tests.CustomizedStatement004"/>
  <system-out/>
</testsuite> <!-- Tests.CustomizedStatement004 -->
