<?xml version="1.0" encoding="UTF-8"?>
<!-- Generated by org.testng.reporters.JUnitReportReporter -->
<testsuite skipped="0" hostname="DESKTOP-HFP8OSQ" name="Tests.CustomizedStatement006" tests="2" failures="0" timestamp="2020-10-22T20:14:38 BDT" time="9.394" errors="0">
  <testcase name="login" time="8.866" classname="Tests.CustomizedStatement006"/>
  <system-out/>
  <testcase name="CStatement006" time="0.528" classname="Tests.CustomizedStatement006"/>
  <system-out/>
</testsuite> <!-- Tests.CustomizedStatement006 -->
