<?xml version="1.0" encoding="UTF-8"?>
<!-- Generated by org.testng.reporters.JUnitReportReporter -->
<testsuite skipped="0" hostname="DESKTOP-HFP8OSQ" name="Tests.CustomizedStatement004" tests="2" failures="0" timestamp="2020-10-22T20:14:38 BDT" time="7.745" errors="0">
  <testcase name="CStatement004" time="0.488" classname="Tests.CustomizedStatement004"/>
  <system-out/>
  <testcase name="login" time="7.257" classname="Tests.CustomizedStatement004"/>
  <system-out/>
</testsuite> <!-- Tests.CustomizedStatement004 -->
