<?xml version="1.0" encoding="UTF-8"?>
<!-- Generated by org.testng.reporters.JUnitReportReporter -->
<testsuite skipped="0" hostname="DESKTOP-HFP8OSQ" name="Tests.CustomizedStatement005" tests="2" failures="0" timestamp="2020-10-28T00:01:07 BDT" time="20.891" errors="0">
  <testcase name="login" time="18.843" classname="Tests.CustomizedStatement005"/>
  <system-out/>
  <testcase name="CStatement005" time="2.048" classname="Tests.CustomizedStatement005"/>
  <system-out/>
</testsuite> <!-- Tests.CustomizedStatement005 -->
