<?xml version="1.0" encoding="UTF-8"?>
<!-- Generated by org.testng.reporters.JUnitReportReporter -->
<testsuite skipped="0" hostname="DESKTOP-HFP8OSQ" name="Tests.CustomizedStatement003" tests="2" failures="0" timestamp="2020-10-22T20:14:38 BDT" time="8.819" errors="0">
  <testcase name="CStatement003" time="0.527" classname="Tests.CustomizedStatement003"/>
  <system-out/>
  <testcase name="login" time="8.292" classname="Tests.CustomizedStatement003"/>
  <system-out/>
</testsuite> <!-- Tests.CustomizedStatement003 -->
