<?xml version="1.0" encoding="UTF-8"?>
<!-- Generated by org.testng.reporters.JUnitReportReporter -->
<testsuite skipped="0" hostname="DESKTOP-HFP8OSQ" name="Tests.CustomizedStatement001" tests="2" failures="0" timestamp="2020-10-22T20:14:38 BDT" time="14.307" errors="0">
  <testcase name="CStatement001" time="2.614" classname="Tests.CustomizedStatement001"/>
  <system-out/>
  <testcase name="login" time="11.693" classname="Tests.CustomizedStatement001"/>
  <system-out/>
</testsuite> <!-- Tests.CustomizedStatement001 -->
