<?xml version="1.0" encoding="UTF-8"?>
<!-- Generated by org.testng.reporters.JUnitReportReporter -->
<testsuite skipped="0" hostname="DESKTOP-HFP8OSQ" name="Tests.CustomizedStatement003" tests="2" failures="0" timestamp="2020-10-28T00:01:07 BDT" time="9.539" errors="0">
  <testcase name="login" time="8.881" classname="Tests.CustomizedStatement003"/>
  <system-out/>
  <testcase name="CStatement003" time="0.658" classname="Tests.CustomizedStatement003"/>
  <system-out/>
</testsuite> <!-- Tests.CustomizedStatement003 -->
