<?xml version="1.0" encoding="UTF-8"?>
<!-- Generated by org.testng.reporters.JUnitReportReporter -->
<testsuite skipped="0" hostname="DESKTOP-HFP8OSQ" name="Tests.LoginTest" tests="2" failures="0" timestamp="2020-10-22T00:43:44 BDT" time="63.944" errors="0">
  <testcase name="login" time="63.906" classname="Tests.LoginTest"/>
  <system-out/>
  <testcase name="CzSt" time="0.038" classname="Tests.LoginTest"/>
  <system-out/>
</testsuite> <!-- Tests.LoginTest -->
