<?xml version="1.0" encoding="UTF-8"?>
<!-- Generated by org.testng.reporters.JUnitReportReporter -->
<testsuite skipped="0" hostname="DESKTOP-HFP8OSQ" name="Tests.CustomizedStatement002" tests="2" failures="0" timestamp="2020-10-28T00:01:07 BDT" time="19.969" errors="0">
  <testcase name="CStatement002" time="0.627" classname="Tests.CustomizedStatement002"/>
  <system-out/>
  <testcase name="login" time="19.342" classname="Tests.CustomizedStatement002"/>
  <system-out/>
</testsuite> <!-- Tests.CustomizedStatement002 -->
