<?xml version="1.0" encoding="UTF-8"?>
<!-- Generated by org.testng.reporters.JUnitReportReporter -->
<testsuite skipped="0" hostname="DESKTOP-HFP8OSQ" name="Tests.CustomizedStatement001" tests="2" failures="0" timestamp="2020-10-28T00:01:07 BDT" time="11.727" errors="0">
  <testcase name="login" time="9.319" classname="Tests.CustomizedStatement001"/>
  <system-out/>
  <testcase name="CStatement001" time="2.408" classname="Tests.CustomizedStatement001"/>
  <system-out/>
</testsuite> <!-- Tests.CustomizedStatement001 -->
